I, [2014-02-14T05:19:16.228185 #44441]  INFO -- Kitchen: -----> Starting Kitchen (v1.2.1)
I, [2014-02-14T05:19:17.595942 #44441]  INFO -- Kitchen: -----> Cleaning up any prior instances of <default-ubuntu-1204>
I, [2014-02-14T05:19:17.596123 #44441]  INFO -- Kitchen: -----> Destroying <default-ubuntu-1204>...
I, [2014-02-14T05:19:17.599367 #44441]  INFO -- Kitchen: -----> Testing <default-ubuntu-1204>
I, [2014-02-14T05:19:17.599490 #44441]  INFO -- Kitchen: -----> Creating <default-ubuntu-1204>...
I, [2014-02-14T05:20:11.276212 #44441]  INFO -- Kitchen: -----> Converging <default-ubuntu-1204>...
E, [2014-02-14T05:22:03.646974 #44441] ERROR -- Kitchen: Converge failed on instance <default-ubuntu-1204>.
I, [2014-02-14T05:30:39.977344 #44567]  INFO -- Kitchen: -----> Starting Kitchen (v1.2.1)
I, [2014-02-14T05:30:41.324716 #44567]  INFO -- Kitchen: -----> Cleaning up any prior instances of <default-ubuntu-1204>
I, [2014-02-14T05:30:41.325310 #44567]  INFO -- Kitchen: -----> Destroying <default-ubuntu-1204>...
I, [2014-02-14T05:30:51.502446 #44567]  INFO -- Kitchen: -----> Testing <default-ubuntu-1204>
I, [2014-02-14T05:30:51.502652 #44567]  INFO -- Kitchen: -----> Creating <default-ubuntu-1204>...
I, [2014-02-14T05:31:39.688484 #44567]  INFO -- Kitchen: -----> Converging <default-ubuntu-1204>...
E, [2014-02-14T05:32:19.190771 #44567] ERROR -- Kitchen: Converge failed on instance <default-ubuntu-1204>.
I, [2014-02-14T05:36:17.074187 #44711]  INFO -- Kitchen: -----> Starting Kitchen (v1.2.1)
I, [2014-02-14T05:36:18.520637 #44711]  INFO -- Kitchen: -----> Cleaning up any prior instances of <default-ubuntu-1204>
I, [2014-02-14T05:36:18.521512 #44711]  INFO -- Kitchen: -----> Destroying <default-ubuntu-1204>...
I, [2014-02-14T05:36:30.885538 #44711]  INFO -- Kitchen: -----> Testing <default-ubuntu-1204>
I, [2014-02-14T05:36:30.885721 #44711]  INFO -- Kitchen: -----> Creating <default-ubuntu-1204>...
I, [2014-02-14T05:37:15.365344 #44711]  INFO -- Kitchen: -----> Converging <default-ubuntu-1204>...
E, [2014-02-14T05:42:17.119519 #44711] ERROR -- Kitchen: Converge failed on instance <default-ubuntu-1204>.
I, [2014-02-14T05:44:59.380569 #44863]  INFO -- Kitchen: -----> Starting Kitchen (v1.2.1)
I, [2014-02-14T05:45:00.714500 #44863]  INFO -- Kitchen: -----> Cleaning up any prior instances of <default-ubuntu-1204>
I, [2014-02-14T05:45:00.716218 #44863]  INFO -- Kitchen: -----> Destroying <default-ubuntu-1204>...
I, [2014-02-14T05:45:13.030190 #44863]  INFO -- Kitchen: -----> Testing <default-ubuntu-1204>
I, [2014-02-14T05:45:13.030338 #44863]  INFO -- Kitchen: -----> Creating <default-ubuntu-1204>...
I, [2014-02-14T05:45:57.540523 #44863]  INFO -- Kitchen: -----> Converging <default-ubuntu-1204>...
I, [2014-02-14T05:56:25.834977 #44863]  INFO -- Kitchen: -----> Setting up <default-ubuntu-1204>...
I, [2014-02-14T05:57:02.356236 #44863]  INFO -- Kitchen: -----> Verifying <default-ubuntu-1204>...
E, [2014-02-14T05:57:04.358508 #44863] ERROR -- Kitchen: Verify failed on instance <default-ubuntu-1204>.
I, [2014-02-14T06:08:48.672615 #45096]  INFO -- Kitchen: -----> Starting Kitchen (v1.2.1)
I, [2014-02-14T06:08:50.398522 #45096]  INFO -- Kitchen: -----> Cleaning up any prior instances of <default-ubuntu-1204>
I, [2014-02-14T06:08:50.399900 #45096]  INFO -- Kitchen: -----> Destroying <default-ubuntu-1204>...
I, [2014-02-14T06:09:02.702076 #45096]  INFO -- Kitchen: -----> Testing <default-ubuntu-1204>
I, [2014-02-14T06:09:02.702212 #45096]  INFO -- Kitchen: -----> Creating <default-ubuntu-1204>...
I, [2014-02-14T06:09:52.902508 #45096]  INFO -- Kitchen: -----> Converging <default-ubuntu-1204>...
I, [2014-02-14T06:14:42.905090 #45096]  INFO -- Kitchen: -----> Setting up <default-ubuntu-1204>...
I, [2014-02-14T06:15:16.820906 #45096]  INFO -- Kitchen: -----> Verifying <default-ubuntu-1204>...
E, [2014-02-14T06:15:18.310401 #45096] ERROR -- Kitchen: Verify failed on instance <default-ubuntu-1204>.
I, [2014-02-14T06:16:50.077853 #45243]  INFO -- Kitchen: -----> Starting Kitchen (v1.2.1)
I, [2014-02-14T06:16:51.456546 #45243]  INFO -- Kitchen: -----> Cleaning up any prior instances of <default-ubuntu-1204>
I, [2014-02-14T06:16:51.457221 #45243]  INFO -- Kitchen: -----> Destroying <default-ubuntu-1204>...
I, [2014-02-14T06:17:06.993021 #45243]  INFO -- Kitchen: -----> Testing <default-ubuntu-1204>
I, [2014-02-14T06:17:06.993235 #45243]  INFO -- Kitchen: -----> Creating <default-ubuntu-1204>...
I, [2014-02-14T06:17:51.006934 #45243]  INFO -- Kitchen: -----> Converging <default-ubuntu-1204>...
I, [2014-02-14T06:22:37.182973 #45243]  INFO -- Kitchen: -----> Setting up <default-ubuntu-1204>...
I, [2014-02-14T06:23:09.155088 #45243]  INFO -- Kitchen: -----> Verifying <default-ubuntu-1204>...
E, [2014-02-14T06:23:10.536721 #45243] ERROR -- Kitchen: Verify failed on instance <default-ubuntu-1204>.
I, [2014-02-14T06:28:23.162668 #45458]  INFO -- Kitchen: -----> Starting Kitchen (v1.2.1)
I, [2014-02-14T06:28:24.548359 #45458]  INFO -- Kitchen: -----> Cleaning up any prior instances of <default-ubuntu-1204>
I, [2014-02-14T06:28:24.549147 #45458]  INFO -- Kitchen: -----> Destroying <default-ubuntu-1204>...
I, [2014-02-14T06:28:36.410012 #45458]  INFO -- Kitchen: -----> Testing <default-ubuntu-1204>
I, [2014-02-14T06:28:36.410206 #45458]  INFO -- Kitchen: -----> Creating <default-ubuntu-1204>...
I, [2014-02-14T06:29:21.830114 #45458]  INFO -- Kitchen: -----> Converging <default-ubuntu-1204>...
I, [2014-02-14T06:33:35.864920 #45458]  INFO -- Kitchen: -----> Setting up <default-ubuntu-1204>...
I, [2014-02-14T06:34:15.242379 #45458]  INFO -- Kitchen: -----> Verifying <default-ubuntu-1204>...
E, [2014-02-14T06:34:17.057873 #45458] ERROR -- Kitchen: Verify failed on instance <default-ubuntu-1204>.
I, [2014-02-14T06:38:01.084180 #45624]  INFO -- Kitchen: -----> Starting Kitchen (v1.2.1)
I, [2014-02-14T06:38:02.493940 #45624]  INFO -- Kitchen: -----> Cleaning up any prior instances of <default-ubuntu-1204>
I, [2014-02-14T06:38:02.494606 #45624]  INFO -- Kitchen: -----> Destroying <default-ubuntu-1204>...
I, [2014-02-14T06:38:13.999632 #45624]  INFO -- Kitchen: -----> Testing <default-ubuntu-1204>
I, [2014-02-14T06:38:13.999760 #45624]  INFO -- Kitchen: -----> Creating <default-ubuntu-1204>...
I, [2014-02-14T06:38:58.247592 #45624]  INFO -- Kitchen: -----> Converging <default-ubuntu-1204>...
I, [2014-02-14T06:42:57.412823 #45624]  INFO -- Kitchen: -----> Setting up <default-ubuntu-1204>...
I, [2014-02-14T06:44:03.777041 #45624]  INFO -- Kitchen: -----> Verifying <default-ubuntu-1204>...
E, [2014-02-14T06:44:05.228725 #45624] ERROR -- Kitchen: Verify failed on instance <default-ubuntu-1204>.
I, [2014-02-14T06:45:06.010685 #45820]  INFO -- Kitchen: -----> Starting Kitchen (v1.2.1)
I, [2014-02-14T06:45:07.389811 #45820]  INFO -- Kitchen: -----> Cleaning up any prior instances of <default-ubuntu-1204>
I, [2014-02-14T06:45:07.390481 #45820]  INFO -- Kitchen: -----> Destroying <default-ubuntu-1204>...
I, [2014-02-14T06:45:18.809919 #45820]  INFO -- Kitchen: -----> Testing <default-ubuntu-1204>
I, [2014-02-14T06:45:18.810124 #45820]  INFO -- Kitchen: -----> Creating <default-ubuntu-1204>...
I, [2014-02-14T06:46:05.197243 #45820]  INFO -- Kitchen: -----> Converging <default-ubuntu-1204>...
I, [2014-02-14T06:51:23.159543 #45820]  INFO -- Kitchen: -----> Setting up <default-ubuntu-1204>...
I, [2014-02-14T06:52:06.032693 #45820]  INFO -- Kitchen: -----> Verifying <default-ubuntu-1204>...
I, [2014-02-14T06:52:07.465525 #45820]  INFO -- Kitchen: -----> Destroying <default-ubuntu-1204>...
I, [2014-02-14T06:52:19.633744 #45820]  INFO -- Kitchen: -----> Cleaning up any prior instances of <default-centos-64>
I, [2014-02-14T06:52:19.633928 #45820]  INFO -- Kitchen: -----> Destroying <default-centos-64>...
I, [2014-02-14T06:52:19.634523 #45820]  INFO -- Kitchen: -----> Testing <default-centos-64>
I, [2014-02-14T06:52:19.634624 #45820]  INFO -- Kitchen: -----> Creating <default-centos-64>...
I, [2014-02-14T06:53:16.280908 #45820]  INFO -- Kitchen: -----> Converging <default-centos-64>...
I, [2014-02-14T06:57:34.301203 #45820]  INFO -- Kitchen: -----> Setting up <default-centos-64>...
I, [2014-02-14T06:58:34.872219 #45820]  INFO -- Kitchen: -----> Verifying <default-centos-64>...
I, [2014-02-14T06:58:36.723753 #45820]  INFO -- Kitchen: -----> Destroying <default-centos-64>...
I, [2014-02-14T06:58:44.804668 #45820]  INFO -- Kitchen: -----> Kitchen is finished. (13m38.79s)
